

Microchip MPLAB XC8 Assembler V2.41 build 20230208172133 
                                                                                               Mon Apr 17 10:48:05 2023

Microchip MPLAB XC8 C Compiler v2.41 (Free license) build 20230208172133 Og1 
     1                           	processor	16F628A
     2                           	pagewidth 120
     3                           	opt	flic
     4                           	psect	cinit,global,class=CODE,merge=1,delta=2
     5                           	psect	cstackCOMMON,global,class=COMMON,space=1,delta=1,noexec
     6                           	psect	maintext,global,class=CODE,split=1,delta=2
     7                           	psect	idloc,global,abs,ovrld,class=IDLOC,space=5,delta=2,noexec
     8                           	psect	config,global,abs,ovrld,class=CONFIG,space=4,delta=2,noexec
     9                           	dabs	1,0x7E,2
    10     0000                     
    11                           ; Version 2.40
    12                           ; Generated 17/11/2021 GMT
    13                           ; 
    14                           ; Copyright © 2021, Microchip Technology Inc. and its subsidiaries ("Microchip")
    15                           ; All rights reserved.
    16                           ; 
    17                           ; This software is developed by Microchip Technology Inc. and its subsidiaries ("Microch
      +                          ip").
    18                           ; 
    19                           ; Redistribution and use in source and binary forms, with or without modification, are
    20                           ; permitted provided that the following conditions are met:
    21                           ; 
    22                           ;     1. Redistributions of source code must retain the above copyright notice, this lis
      +                          t of
    23                           ;        conditions and the following disclaimer.
    24                           ; 
    25                           ;     2. Redistributions in binary form must reproduce the above copyright notice, this 
      +                          list
    26                           ;        of conditions and the following disclaimer in the documentation and/or other
    27                           ;        materials provided with the distribution. Publication is not required when
    28                           ;        this file is used in an embedded application.
    29                           ; 
    30                           ;     3. Microchip's name may not be used to endorse or promote products derived from th
      +                          is
    31                           ;        software without specific prior written permission.
    32                           ; 
    33                           ; THIS SOFTWARE IS PROVIDED BY MICROCHIP "AS IS" AND ANY EXPRESS OR IMPLIED WARRANTIES,
    34                           ; INCLUDING, BUT NOT LIMITED TO, THE IMPLIED WARRANTIES OF MERCHANTABILITY AND FITNESS F
      +                          OR
    35                           ; PURPOSE ARE DISCLAIMED.  IN NO EVENT SHALL MICROCHIP BE LIABLE FOR ANY DIRECT, INDIREC
      +                          T,
    36                           ; INCIDENTAL, SPECIAL, EXEMPLARY, OR CONSEQUENTIAL DAMAGES (INCLUDING BUT NOT LIMITED TO
    37                           ; PROCUREMENT OF SUBSTITUTE GOODS OR SERVICES; LOSS OF USE, DATA OR PROFITS; OR BUSINESS
    38                           ; INTERRUPTION) HOWSOEVER CAUSED AND ON ANY THEORY OF LIABILITY, WHETHER IN CONTRACT, ST
      +                          RICT
    39                           ; LIABILITY, OR TORT (INCLUDING NEGLIGENCE OR OTHERWISE) ARISING IN ANY WAY OUT OF THE U
      +                          SE OF
    40                           ; THIS SOFTWARE, EVEN IF ADVISED OF THE POSSIBILITY OF SUCH DAMAGE.
    41                           ; 
    42                           ; 
    43                           ; Code-generator required, PIC16F628A Definitions
    44                           ; 
    45                           ; SFR Addresses
    46     0000                     	;# 
    47     0001                     	;# 
    48     0002                     	;# 
    49     0003                     	;# 
    50     0004                     	;# 
    51     0005                     	;# 
    52     0006                     	;# 
    53     000A                     	;# 
    54     000B                     	;# 
    55     000C                     	;# 
    56     000E                     	;# 
    57     000E                     	;# 
    58     000F                     	;# 
    59     0010                     	;# 
    60     0011                     	;# 
    61     0012                     	;# 
    62     0015                     	;# 
    63     0015                     	;# 
    64     0016                     	;# 
    65     0017                     	;# 
    66     0018                     	;# 
    67     0019                     	;# 
    68     001A                     	;# 
    69     001F                     	;# 
    70     0081                     	;# 
    71     0085                     	;# 
    72     0086                     	;# 
    73     008C                     	;# 
    74     008E                     	;# 
    75     0092                     	;# 
    76     0098                     	;# 
    77     0099                     	;# 
    78     009A                     	;# 
    79     009B                     	;# 
    80     009C                     	;# 
    81     009D                     	;# 
    82     009F                     	;# 
    83     0000                     	;# 
    84     0001                     	;# 
    85     0002                     	;# 
    86     0003                     	;# 
    87     0004                     	;# 
    88     0005                     	;# 
    89     0006                     	;# 
    90     000A                     	;# 
    91     000B                     	;# 
    92     000C                     	;# 
    93     000E                     	;# 
    94     000E                     	;# 
    95     000F                     	;# 
    96     0010                     	;# 
    97     0011                     	;# 
    98     0012                     	;# 
    99     0015                     	;# 
   100     0015                     	;# 
   101     0016                     	;# 
   102     0017                     	;# 
   103     0018                     	;# 
   104     0019                     	;# 
   105     001A                     	;# 
   106     001F                     	;# 
   107     0081                     	;# 
   108     0085                     	;# 
   109     0086                     	;# 
   110     008C                     	;# 
   111     008E                     	;# 
   112     0092                     	;# 
   113     0098                     	;# 
   114     0099                     	;# 
   115     009A                     	;# 
   116     009B                     	;# 
   117     009C                     	;# 
   118     009D                     	;# 
   119     009F                     	;# 
   120     0005                     _PORTAbits	set	5
   121     0006                     _PORTBbits	set	6
   122     0086                     _TRISBbits	set	134
   123     0085                     _TRISAbits	set	133
   124                           
   125                           	psect	cinit
   126     07FE                     start_initialization:	
   127                           ; #config settings
   128                           
   129     07FE                     __initialization:
   130     07FE                     end_of_initialization:	
   131                           ;End of C runtime variable initialization code
   132                           
   133     07FE                     __end_of__initialization:
   134     07FE  0183               	clrf	3
   135     07FF  2FC8               	ljmp	_main	;jump to C main() function
   136                           
   137                           	psect	cstackCOMMON
   138     0070                     __pcstackCOMMON:
   139     0070                     ?_main:
   140     0070                     ??_main:	
   141                           ; 1 bytes @ 0x0
   142                           
   143                           
   144                           ; 1 bytes @ 0x0
   145     0070                     	ds	3
   146                           
   147                           	psect	maintext
   148     07C8                     __pmaintext:	
   149 ;;
   150 ;;Main: autosize = 0, tempsize = 3, incstack = 0, save=0
   151 ;;
   152 ;; *************** function _main *****************
   153 ;; Defined at:
   154 ;;		line 30 in file "button.c"
   155 ;; Parameters:    Size  Location     Type
   156 ;;		None
   157 ;; Auto vars:     Size  Location     Type
   158 ;;		None
   159 ;; Return value:  Size  Location     Type
   160 ;;                  1    wreg      void 
   161 ;; Registers used:
   162 ;;		wreg
   163 ;; Tracked objects:
   164 ;;		On entry : B00/0
   165 ;;		On exit  : 0/0
   166 ;;		Unchanged: 0/0
   167 ;; Data sizes:     COMMON   BANK0   BANK1   BANK2
   168 ;;      Params:         0       0       0       0
   169 ;;      Locals:         0       0       0       0
   170 ;;      Temps:          3       0       0       0
   171 ;;      Totals:         3       0       0       0
   172 ;;Total ram usage:        3 bytes
   173 ;; This function calls:
   174 ;;		Nothing
   175 ;; This function is called by:
   176 ;;		Startup code after reset
   177 ;; This function uses a non-reentrant model
   178 ;;
   179                           
   180     07C8                     _main:	
   181                           ;psect for function _main
   182                           
   183     07C8                     l612:	
   184                           ;incstack = 0
   185                           ; Regs used in _main: [wreg]
   186                           
   187                           
   188                           ;button.c: 32:     TRISAbits.TRISA4 = 1;
   189     07C8  1683               	bsf	3,5	;RP0=1, select bank1
   190     07C9  1303               	bcf	3,6	;RP1=0, select bank1
   191     07CA  1605               	bsf	5,4	;volatile
   192                           
   193                           ;button.c: 33:     TRISBbits.TRISB0 = 1;
   194     07CB  1406               	bsf	6,0	;volatile
   195                           
   196                           ;button.c: 34:     TRISBbits.TRISB6 = 0;
   197     07CC  1306               	bcf	6,6	;volatile
   198                           
   199                           ;button.c: 35:     TRISBbits.TRISB7 = 0;
   200     07CD  1386               	bcf	6,7	;volatile
   201                           
   202                           ;button.c: 37:     PORTBbits.RB6 = 0;
   203     07CE  1283               	bcf	3,5	;RP0=0, select bank0
   204     07CF  1303               	bcf	3,6	;RP1=0, select bank0
   205     07D0  1306               	bcf	6,6	;volatile
   206                           
   207                           ;button.c: 38:     PORTBbits.RB7 = 0;
   208     07D1  1386               	bcf	6,7	;volatile
   209     07D2                     l15:	
   210                           ;button.c: 40:     while(1)
   211                           
   212                           
   213                           ;button.c: 41:     {;button.c: 42:         if (PORTAbits.RA4 == 1)
   214     07D2  1E05               	btfss	5,4	;volatile
   215     07D3  2FD5               	goto	u11
   216     07D4  2FD6               	goto	u10
   217     07D5                     u11:
   218     07D5  2FE4               	goto	l618
   219     07D6                     u10:
   220     07D6                     l614:
   221                           
   222                           ;button.c: 43:         {;button.c: 44:             PORTBbits.RB6 = 1;
   223     07D6  1706               	bsf	6,6	;volatile
   224     07D7                     l616:
   225                           
   226                           ;button.c: 45:             _delay((unsigned long)((3000)*(8000000/4000.0)));
   227     07D7  301F               	movlw	31
   228     07D8  00F2               	movwf	??_main+2
   229     07D9  3071               	movlw	113
   230     07DA  00F1               	movwf	??_main+1
   231     07DB  301E               	movlw	30
   232     07DC  00F0               	movwf	??_main
   233     07DD                     u37:
   234     07DD  0BF0               	decfsz	??_main,f
   235     07DE  2FDD               	goto	u37
   236     07DF  0BF1               	decfsz	??_main+1,f
   237     07E0  2FDD               	goto	u37
   238     07E1  0BF2               	decfsz	??_main+2,f
   239     07E2  2FDD               	goto	u37
   240     07E3  0000               	nop
   241     07E4                     l618:
   242                           
   243                           ;button.c: 48:         if (PORTBbits.RB0 == 1)
   244     07E4  1283               	bcf	3,5	;RP0=0, select bank0
   245     07E5  1303               	bcf	3,6	;RP1=0, select bank0
   246     07E6  1C06               	btfss	6,0	;volatile
   247     07E7  2FE9               	goto	u21
   248     07E8  2FEA               	goto	u20
   249     07E9                     u21:
   250     07E9  2FF8               	goto	l624
   251     07EA                     u20:
   252     07EA                     l620:
   253                           
   254                           ;button.c: 49:         {;button.c: 50:             PORTBbits.RB7 = 1;
   255     07EA  1786               	bsf	6,7	;volatile
   256     07EB                     l622:
   257                           
   258                           ;button.c: 51:             _delay((unsigned long)((3000)*(8000000/4000.0)));
   259     07EB  301F               	movlw	31
   260     07EC  00F2               	movwf	??_main+2
   261     07ED  3071               	movlw	113
   262     07EE  00F1               	movwf	??_main+1
   263     07EF  301E               	movlw	30
   264     07F0  00F0               	movwf	??_main
   265     07F1                     u47:
   266     07F1  0BF0               	decfsz	??_main,f
   267     07F2  2FF1               	goto	u47
   268     07F3  0BF1               	decfsz	??_main+1,f
   269     07F4  2FF1               	goto	u47
   270     07F5  0BF2               	decfsz	??_main+2,f
   271     07F6  2FF1               	goto	u47
   272     07F7  0000               	nop
   273     07F8                     l624:
   274                           
   275                           ;button.c: 54:         PORTBbits.RB6 = 0;
   276     07F8  1283               	bcf	3,5	;RP0=0, select bank0
   277     07F9  1303               	bcf	3,6	;RP1=0, select bank0
   278     07FA  1306               	bcf	6,6	;volatile
   279     07FB                     l626:
   280                           
   281                           ;button.c: 55:         PORTBbits.RB7 = 0;
   282     07FB  1386               	bcf	6,7	;volatile
   283     07FC  2FD2               	goto	l15
   284     07FD  2800               	ljmp	start
   285     07FE                     __end_of_main:
   286     007E                     btemp	set	126	;btemp
   287     007E                     wtemp0	set	126
   288                           
   289                           	psect	idloc
   290                           
   291                           ;Config register IDLOC0 @ 0x2000
   292                           ;	unspecified, using default values
   293     2000                     	org	8192
   294     2000  3FFF               	dw	16383
   295                           
   296                           ;Config register IDLOC1 @ 0x2001
   297                           ;	unspecified, using default values
   298     2001                     	org	8193
   299     2001  3FFF               	dw	16383
   300                           
   301                           ;Config register IDLOC2 @ 0x2002
   302                           ;	unspecified, using default values
   303     2002                     	org	8194
   304     2002  3FFF               	dw	16383
   305                           
   306                           ;Config register IDLOC3 @ 0x2003
   307                           ;	unspecified, using default values
   308     2003                     	org	8195
   309     2003  3FFF               	dw	16383
   310                           
   311                           	psect	config
   312                           
   313                           ;Config register CONFIG @ 0x2007
   314                           ;	Oscillator Selection bits
   315                           ;	FOSC = HS, HS oscillator: High-speed crystal/resonator on RA6/OSC2/CLKOUT and RA7/OSC1
      +                          /CLKIN
   316                           ;	Watchdog Timer Enable bit
   317                           ;	WDTE = OFF, WDT disabled
   318                           ;	Power-up Timer Enable bit
   319                           ;	PWRTE = ON, PWRT enabled
   320                           ;	RA5/MCLR/VPP Pin Function Select bit
   321                           ;	MCLRE = ON, RA5/MCLR/VPP pin function is MCLR
   322                           ;	Brown-out Detect Enable bit
   323                           ;	BOREN = OFF, BOD disabled
   324                           ;	Low-Voltage Programming Enable bit
   325                           ;	LVP = OFF, RB4/PGM pin has digital I/O function, HV on MCLR must be used for programmi
      +                          ng
   326                           ;	Data EE Memory Code Protection bit
   327                           ;	CPD = OFF, Data memory code protection off
   328                           ;	Flash Program Memory Code Protection bit
   329                           ;	CP = OFF, Code protection off
   330     2007                     	org	8199
   331     2007  3F22               	dw	16162

Data Sizes:
    Strings     0
    Constant    0
    Data        0
    BSS         0
    Persistent  0
    Stack       0

Auto Spaces:
    Space          Size  Autos    Used
    COMMON           14      3       3
    BANK0            80      0       0
    BANK1            80      0       0
    BANK2            48      0       0

Pointer List with Targets:

    None.

Critical Paths under _main in COMMON

    None.

Critical Paths under _main in BANK0

    None.

Critical Paths under _main in BANK1

    None.

Critical Paths under _main in BANK2

    None.

Call Graph Tables:

 ---------------------------------------------------------------------------------
 (Depth) Function   	        Calls       Base Space   Used Autos Params    Refs
 ---------------------------------------------------------------------------------
 (0) _main                                                 3     3      0       0
                                              0 COMMON     3     3      0
 ---------------------------------------------------------------------------------
 Estimated maximum stack depth 0
 ---------------------------------------------------------------------------------

 Call Graph Graphs:

 _main (ROOT)

 Address spaces:
Name               Size   Autos  Total    Cost      Usage
BITCOMMON            E      0       0       0        0.0%
EEDATA              80      0       0       0        0.0%
NULL                 0      0       0       0        0.0%
CODE                 0      0       0       0        0.0%
COMMON               E      3       3       1       21.4%
BITSFR0              0      0       0       1        0.0%
SFR0                 0      0       0       1        0.0%
BITSFR1              0      0       0       2        0.0%
SFR1                 0      0       0       2        0.0%
STACK                0      0       0       2        0.0%
BANK0               50      0       0       3        0.0%
BITSFR3              0      0       0       4        0.0%
SFR3                 0      0       0       4        0.0%
ABS                  0      0       0       4        0.0%
BITBANK0            50      0       0       5        0.0%
BITSFR2              0      0       0       5        0.0%
SFR2                 0      0       0       5        0.0%
BITBANK1            50      0       0       6        0.0%
BANK1               50      0       0       7        0.0%
BITBANK2            30      0       0       8        0.0%
BANK2               30      0       0       9        0.0%
DATA                 0      0       0      10        0.0%


Microchip Technology PIC Macro Assembler V2.41 build 20230208172133 
Symbol Table                                                                                   Mon Apr 17 10:48:05 2023

                     l15 07D2                       u10 07D6                       u11 07D5  
                     u20 07EA                       u21 07E9                       u37 07DD  
                     u47 07F1                      l620 07EA                      l612 07C8  
                    l622 07EB                      l614 07D6                      l624 07F8  
                    l616 07D7                      l626 07FB                      l618 07E4  
                   _main 07C8                     btemp 007E                     start 0000  
                  ?_main 0070                    status 0003                    wtemp0 007E  
        __initialization 07FE             __end_of_main 07FE                   ??_main 0070  
__end_of__initialization 07FE           __pcstackCOMMON 0070               __pmaintext 07C8  
   end_of_initialization 07FE                _PORTAbits 0005                _PORTBbits 0006  
              _TRISAbits 0085                _TRISBbits 0086      start_initialization 07FE  
              ___latbits 0000  
